<?xml version="1.0" encoding="UTF-8"?>
<!-- Generated by org.testng.reporters.JUnitReportReporter -->
<testsuite skipped="0" hostname="DESKTOP-CV2VGNE" name="HswebSite.Test1" tests="1" failures="0" timestamp="14 Jul 2017 06:07:49 GMT" time="4.975" errors="0">
  <testcase name="f" time="4.975" classname="HswebSite.Test1"/>
</testsuite> <!-- HswebSite.Test1 -->
