<?xml version="1.0" encoding="UTF-8"?>
<!-- Generated by org.testng.reporters.JUnitReportReporter -->
<testsuite skipped="0" hostname="DESKTOP-CV2VGNE" name="Class3.TestScript1" tests="2" failures="0" timestamp="25 Jul 2017 11:12:38 GMT" time="18.987" errors="0">
  <testcase name="Login2" time="9.883" classname="Class3.TestScript1"/>
  <testcase name="Login1" time="9.104" classname="Class3.TestScript1"/>
</testsuite> <!-- Class3.TestScript1 -->
