<?xml version="1.0" encoding="UTF-8"?>
<!-- Generated by org.testng.reporters.JUnitReportReporter -->
<testsuite skipped="0" hostname="DESKTOP-CV2VGNE" name="Class2.Popup" tests="1" failures="0" timestamp="11 Jul 2017 10:40:05 GMT" time="12.679" errors="0">
  <testcase name="f" time="12.679" classname="Class2.Popup"/>
</testsuite> <!-- Class2.Popup -->
