<?xml version="1.0" encoding="UTF-8"?>
<!-- Generated by org.testng.reporters.JUnitReportReporter -->
<testsuite skipped="0" hostname="DESKTOP-CV2VGNE" name="Class3.TestSuiteTest1" tests="1" failures="0" timestamp="20 Jul 2017 12:44:03 GMT" time="1.455" errors="0">
  <testcase name="test" time="1.455" classname="Class3.TestSuiteTest1"/>
</testsuite> <!-- Class3.TestSuiteTest1 -->
