<?xml version="1.0" encoding="UTF-8"?>
<!-- Generated by org.testng.reporters.JUnitReportReporter -->
<testsuite skipped="0" hostname="DESKTOP-CV2VGNE" name="Class2.PopEnable" tests="1" failures="0" timestamp="11 Jul 2017 11:20:57 GMT" time="9.213" errors="0">
  <testcase name="f" time="9.213" classname="Class2.PopEnable"/>
</testsuite> <!-- Class2.PopEnable -->
