<?xml version="1.0" encoding="UTF-8"?>
<!-- Generated by org.testng.reporters.JUnitReportReporter -->
<testsuite skipped="0" hostname="DESKTOP-CV2VGNE" name="Class3.TestScript" tests="2" failures="0" timestamp="25 Jul 2017 09:42:25 GMT" time="21.837" errors="0">
  <testcase name="login1" time="12.958" classname="Class3.TestScript"/>
  <testcase name="login2" time="8.879" classname="Class3.TestScript"/>
</testsuite> <!-- Class3.TestScript -->
