<?xml version="1.0" encoding="UTF-8"?>
<!-- Generated by org.testng.reporters.JUnitReportReporter -->
<testsuite skipped="0" hostname="DESKTOP-CV2VGNE" name="Class2.PopupEnable" tests="1" failures="0" timestamp="11 Jul 2017 10:55:33 GMT" time="6.763" errors="0">
  <testcase name="f" time="6.763" classname="Class2.PopupEnable"/>
</testsuite> <!-- Class2.PopupEnable -->
