<?xml version="1.0" encoding="UTF-8"?>
<!-- Generated by org.testng.reporters.JUnitReportReporter -->
<testsuite skipped="0" hostname="DESKTOP-CV2VGNE" name="Class3.LaunchChromeBrowser" tests="1" failures="0" timestamp="20 Jul 2017 12:43:23 GMT" time="2.572" errors="0">
  <testcase name="f" time="2.572" classname="Class3.LaunchChromeBrowser"/>
</testsuite> <!-- Class3.LaunchChromeBrowser -->
