<?xml version="1.0" encoding="UTF-8"?>
<!-- Generated by org.testng.reporters.JUnitReportReporter -->
<testsuite skipped="0" hostname="DESKTOP-CV2VGNE" name="log4j.Log4j" tests="1" failures="0" timestamp="25 Jul 2017 10:25:46 GMT" time="11.589" errors="0">
  <testcase name="test" time="11.589" classname="log4j.Log4j"/>
</testsuite> <!-- log4j.Log4j -->
