<?xml version="1.0" encoding="UTF-8"?>
<!-- Generated by org.testng.reporters.JUnitReportReporter -->
<testsuite skipped="0" hostname="DESKTOP-CV2VGNE" name="Class2.HandleButton" tests="1" failures="0" timestamp="06 Jul 2017 07:55:10 GMT" time="12.073" errors="0">
  <testcase name="f" time="12.073" classname="Class2.HandleButton"/>
</testsuite> <!-- Class2.HandleButton -->
