<?xml version="1.0" encoding="UTF-8"?>
<!-- Generated by org.testng.reporters.JUnitReportReporter -->
<testsuite skipped="0" hostname="DESKTOP-CV2VGNE" name="Class2.CloseBrowser" tests="1" failures="0" timestamp="12 Jul 2017 06:09:11 GMT" time="1.417" errors="0">
  <testcase name="f" time="1.417" classname="Class2.CloseBrowser"/>
</testsuite> <!-- Class2.CloseBrowser -->
