<?xml version="1.0" encoding="UTF-8"?>
<!-- Generated by org.testng.reporters.JUnitReportReporter -->
<testsuite skipped="0" hostname="DESKTOP-CV2VGNE" name="Class3.TestNG" tests="1" failures="0" timestamp="20 Jul 2017 10:11:46 GMT" time="0.016" errors="0">
  <testcase name="test" time="0.016" classname="Class3.TestNG"/>
</testsuite> <!-- Class3.TestNG -->
