<?xml version="1.0" encoding="UTF-8"?>
<!-- Generated by org.testng.reporters.JUnitReportReporter -->
<testsuite skipped="0" hostname="DESKTOP-CV2VGNE" name="Class2.Hellosaarthitechnologies" tests="1" failures="0" timestamp="20 Jul 2017 13:03:42 GMT" time="3.935" errors="0">
  <testcase name="f" time="3.935" classname="Class2.Hellosaarthitechnologies"/>
</testsuite> <!-- Class2.Hellosaarthitechnologies -->
