<?xml version="1.0" encoding="UTF-8"?>
<!-- Generated by org.testng.reporters.JUnitReportReporter -->
<testsuite skipped="0" hostname="DESKTOP-CV2VGNE" name="Class2.PopDisable" tests="1" failures="0" timestamp="11 Jul 2017 10:56:21 GMT" time="7.823" errors="0">
  <testcase name="f" time="7.823" classname="Class2.PopDisable"/>
</testsuite> <!-- Class2.PopDisable -->
