<?xml version="1.0" encoding="UTF-8"?>
<!-- Generated by org.testng.reporters.JUnitReportReporter -->
<testsuite skipped="0" hostname="LokeshThanish" name="Class3.HandleScreenshot" tests="1" failures="0" timestamp="18 Jul 2017 17:19:03 GMT" time="12.081" errors="0">
  <testcase name="f" time="12.081" classname="Class3.HandleScreenshot"/>
</testsuite> <!-- Class3.HandleScreenshot -->
