<?xml version="1.0" encoding="UTF-8"?>
<!-- Generated by org.testng.reporters.JUnitReportReporter -->
<testsuite skipped="0" hostname="LokeshThanish" name="Class2.PopEnable" tests="1" failures="0" timestamp="18 Jul 2017 17:27:29 GMT" time="21.369" errors="0">
  <testcase name="f" time="21.369" classname="Class2.PopEnable"/>
</testsuite> <!-- Class2.PopEnable -->
