<?xml version="1.0" encoding="UTF-8"?>
<!-- Generated by org.testng.reporters.JUnitReportReporter -->
<testsuite skipped="0" hostname="DESKTOP-CV2VGNE" name="Class2.PopupDisable" tests="1" failures="0" timestamp="11 Jul 2017 11:24:07 GMT" time="10.612" errors="0">
  <testcase name="f" time="10.612" classname="Class2.PopupDisable"/>
</testsuite> <!-- Class2.PopupDisable -->
