<?xml version="1.0" encoding="UTF-8"?>
<!-- Generated by org.testng.reporters.JUnitReportReporter -->
<testsuite skipped="0" hostname="DESKTOP-CV2VGNE" name="Class1.TestNg" tests="1" failures="0" timestamp="28 Jun 2017 10:37:43 GMT" time="1.898" errors="0">
  <testcase name="f" time="1.898" classname="Class1.TestNg"/>
</testsuite> <!-- Class1.TestNg -->
