<?xml version="1.0" encoding="UTF-8"?>
<!-- Generated by org.testng.reporters.JUnitReportReporter -->
<testsuite skipped="0" hostname="DESKTOP-CV2VGNE" name="Class3.HelloSaarthiWebSite" tests="1" failures="0" timestamp="25 Jul 2017 09:53:23 GMT" time="4.760" errors="0">
  <testcase name="f" time="4.760" classname="Class3.HelloSaarthiWebSite"/>
</testsuite> <!-- Class3.HelloSaarthiWebSite -->
