<?xml version="1.0" encoding="UTF-8"?>
<!-- Generated by org.testng.reporters.JUnitReportReporter -->
<testsuite skipped="0" hostname="DESKTOP-CV2VGNE" name="Class2.Hellosaarthitechnologies" tests="1" failures="0" timestamp="11 Jul 2017 12:24:42 GMT" time="10.322" errors="0">
  <testcase name="f" time="10.322" classname="Class2.Hellosaarthitechnologies"/>
</testsuite> <!-- Class2.Hellosaarthitechnologies -->
