<?xml version="1.0" encoding="UTF-8"?>
<!-- Generated by org.testng.reporters.JUnitReportReporter -->
<testsuite skipped="0" hostname="DESKTOP-CV2VGNE" name="Class3.TestSuiteTest2" tests="1" failures="0" timestamp="20 Jul 2017 12:58:21 GMT" time="1.268" errors="0">
  <testcase name="test" time="1.268" classname="Class3.TestSuiteTest2"/>
</testsuite> <!-- Class3.TestSuiteTest2 -->
