<?xml version="1.0" encoding="UTF-8"?>
<!-- Generated by org.testng.reporters.JUnitReportReporter -->
<testsuite skipped="0" hostname="DESKTOP-CV2VGNE" name="Class3.NewTest" tests="1" failures="0" timestamp="20 Jul 2017 12:14:33 GMT" time="13.343" errors="0">
  <testcase name="test" time="13.343" classname="Class3.NewTest"/>
</testsuite> <!-- Class3.NewTest -->
