<?xml version="1.0" encoding="UTF-8"?>
<!-- Generated by org.testng.reporters.JUnitReportReporter -->
<testsuite skipped="0" hostname="DESKTOP-CV2VGNE" name="Class2.DisplayWebItems" tests="1" failures="0" timestamp="06 Jul 2017 07:28:06 GMT" time="5.013" errors="0">
  <testcase name="f" time="5.013" classname="Class2.DisplayWebItems"/>
</testsuite> <!-- Class2.DisplayWebItems -->
