<?xml version="1.0" encoding="UTF-8"?>
<!-- Generated by org.testng.reporters.JUnitReportReporter -->
<testsuite skipped="0" hostname="LokeshThanish" name="Class1.NewTest" tests="1" failures="0" timestamp="18 Jul 2017 15:03:21 GMT" time="3.518" errors="0">
  <testcase name="f" time="3.518" classname="Class1.NewTest"/>
</testsuite> <!-- Class1.NewTest -->
