<?xml version="1.0" encoding="UTF-8"?>
<!-- Generated by org.testng.reporters.JUnitReportReporter -->
<testsuite skipped="0" hostname="DESKTOP-CV2VGNE" name="Class2.HandleDropdownBox" tests="1" failures="0" timestamp="06 Jul 2017 09:47:11 GMT" time="12.093" errors="0">
  <testcase name="f" time="12.093" classname="Class2.HandleDropdownBox"/>
</testsuite> <!-- Class2.HandleDropdownBox -->
