<?xml version="1.0" encoding="UTF-8"?>
<!-- Generated by org.testng.reporters.JUnitReportReporter -->
<testsuite skipped="0" hostname="DESKTOP-CV2VGNE" name="Class3.NewTest" tests="1" failures="0" timestamp="25 Jul 2017 07:54:08 GMT" time="7.135" errors="0">
  <testcase name="f" time="7.135" classname="Class3.NewTest"/>
</testsuite> <!-- Class3.NewTest -->
