<?xml version="1.0" encoding="UTF-8"?>
<!-- Generated by org.testng.reporters.JUnitReportReporter -->
<testsuite skipped="0" hostname="DESKTOP-CV2VGNE" name="Class3.CrossBrowser" tests="3" failures="0" timestamp="25 Jul 2017 07:38:29 GMT" time="17.075" errors="0">
  <testcase name="Test" time="5.917" classname="Class3.CrossBrowser"/>
  <testcase name="Test" time="8.402" classname="Class3.CrossBrowser"/>
  <testcase name="Test" time="2.756" classname="Class3.CrossBrowser"/>
</testsuite> <!-- Class3.CrossBrowser -->
