<?xml version="1.0" encoding="UTF-8"?>
<!-- Generated by org.testng.reporters.JUnitReportReporter -->
<testsuite skipped="0" hostname="DESKTOP-CV2VGNE" name="Class3.FileUplad" tests="1" failures="0" timestamp="25 Jul 2017 07:02:21 GMT" time="13.531" errors="0">
  <testcase name="f" time="13.531" classname="Class3.FileUplad"/>
</testsuite> <!-- Class3.FileUplad -->
